<?xml version="1.0" encoding="UTF-8"?>
<!-- Generated by org.testng.reporters.JUnitReportReporter -->
<testsuite hostname="Shyam" name="googleTest" tests="1" failures="0" timestamp="11 Feb 2021 04:14:44 GMT" time="19.755" errors="0">
  <testcase name="test1" time="19.755" classname="googleTest"/>
</testsuite> <!-- googleTest -->
