<?xml version="1.0" encoding="UTF-8"?>
<!-- Generated by org.testng.reporters.JUnitReportReporter -->
<testsuite hostname="Shyam" name="com.makeMyTrip.facebook" tests="5" failures="0" timestamp="22 Feb 2018 00:35:01 GMT" time="98.540" errors="0">
  <testcase name="register" time="13.489" classname="com.makeMyTrip.facebook"/>
  <testcase name="register" time="11.963" classname="com.makeMyTrip.facebook"/>
  <testcase name="register" time="13.223" classname="com.makeMyTrip.facebook"/>
  <testcase name="register" time="46.318" classname="com.makeMyTrip.facebook"/>
  <testcase name="register" time="13.547" classname="com.makeMyTrip.facebook"/>
</testsuite> <!-- com.makeMyTrip.facebook -->
