<?xml version="1.0" encoding="UTF-8"?>
<!-- Generated by org.testng.reporters.JUnitReportReporter -->
<testsuite hostname="Shyam" name="com.makeMyTrip.test" tests="5" failures="0" timestamp="22 Oct 2018 17:37:41 GMT" time="157.637" errors="0">
  <testcase name="test" time="19.439" classname="com.makeMyTrip.test"/>
  <testcase name="test" time="23.785" classname="com.makeMyTrip.test"/>
  <testcase name="test" time="78.065" classname="com.makeMyTrip.test"/>
  <testcase name="test" time="17.996" classname="com.makeMyTrip.test"/>
  <testcase name="test" time="18.352" classname="com.makeMyTrip.test"/>
</testsuite> <!-- com.makeMyTrip.test -->
