<?xml version="1.0" encoding="UTF-8"?>
<!-- Generated by org.testng.reporters.JUnitReportReporter -->
<testsuite hostname="Shyam" name="flightBooking" tests="2" failures="0" timestamp="20 Feb 2021 05:15:18 GMT" time="28.506" errors="0">
  <testcase name="title1" time="16.678" classname="flightBooking"/>
  <testcase name="title2" time="11.828" classname="flightBooking"/>
</testsuite> <!-- flightBooking -->
